================================================================================
                    DATA TEST SUITE ANALYSIS - SUMMARY
================================================================================

ANALYSIS PERFORMED: 2024-11-23
COMMAND EXECUTED: pixi run mojo -I . tests/shared/data/run_all_tests.mojo

================================================================================
                              RESULTS OVERVIEW
================================================================================

COMPILATION STATUS:     FAILED (39 errors)
TESTS EXECUTED:         0 / 43 (blocked at compilation)
SUCCESS RATE:           0%

ERROR DISTRIBUTION:
  Compilation Errors:   39 (100%)
  Runtime Errors:       0
  Test Failures:        0

================================================================================
                           ERROR CATEGORIZATION
================================================================================

CATEGORY 1: __init__ Missing Return Type
  Count:                17 errors (44%)
  Severity:             CRITICAL
  Affected Files:       7 files
  Error Pattern:        fn __init__(mut self, ...) [missing -> Self]
  Example:              
    WRONG:   fn __init__(mut self, size: Int): ...
    CORRECT: fn __init__(mut self, size: Int) -> Self: return Self(...)

CATEGORY 2: ExTensor Ownership Violations
  Count:                11 errors (28%)
  Severity:             CRITICAL
  Affected Files:       1 file (transforms.mojo)
  Error Pattern:        return data [missing ^]
  Example:
    WRONG:   return data
    CORRECT: return data^

CATEGORY 3: Missing Tensor Import
  Count:                17 usages (1 unique issue - 20%)
  Severity:             CRITICAL
  Affected Files:       1 file (test_augmentations.mojo)
  Error Pattern:        Tensor(...) [not imported]
  Example:
    WRONG:   from shared.core.extensor import ExTensor
    CORRECT: from shared.core.extensor import ExTensor, Tensor

CATEGORY 4: Invalid Optional Syntax
  Count:                1 error (2%)
  Severity:             HIGH
  Affected Files:       1 file (transforms.mojo)
  Error Pattern:        self.padding.value()[] [wrong subscript]
  Example:
    WRONG:   var pad = self.padding.value()[]
    CORRECT: var pad = self.padding.value()

CATEGORY 5: Missing Trait Conformances
  Count:                9 errors (23%)
  Severity:             MEDIUM
  Affected Files:       4 test files
  Error Pattern:        struct without (Copyable, Movable) traits
  Example:
    WRONG:   struct MyStruct: ...
    CORRECT: @fieldwise_init struct MyStruct(Copyable, Movable): ...

================================================================================
                          TOP 3 ERROR PATTERNS
================================================================================

PATTERN #1: __init__ Return Type (17 errors - 44%)
  Description:   All struct __init__ methods missing explicit return type
  Root Cause:    Mojo v0.25.7+ requires -> Self return type annotation
  Complexity:    LOW - Systematic pattern replacement
  Time to Fix:   30 minutes
  Impact:        Blocks all test compilation

PATTERN #2: ExTensor Ownership (11 errors - 28%)
  Description:   Returning ExTensor without explicit ownership transfer
  Root Cause:    ExTensor doesn't conform to ImplicitlyCopyable trait
  Complexity:    LOW - Add ^ to 4 return statements
  Time to Fix:   15 minutes
  Impact:        Breaks all transform-related tests

PATTERN #3: Missing Tensor Import + Usages (17 usages - 20%)
  Description:   Using Tensor type without importing it
  Root Cause:    Import statement missing from test file
  Complexity:    LOW - Single import addition
  Time to Fix:   10 minutes
  Impact:        Breaks augmentation tests

================================================================================
                       FILES REQUIRING FIXES
================================================================================

TEST FILES (5 files to fix):
  1. tests/shared/data/datasets/test_base_dataset.mojo
     - Line 15: Add @fieldwise_init + (Copyable, Movable)
     - Line 25: Add -> Self return type to __init__

  2. tests/shared/data/datasets/test_tensor_dataset.mojo
     - Line 32: Add -> Self return type to __init__

  3. tests/shared/data/loaders/test_base_loader.mojo
     - Line 20: Add -> Self return type to __init__

  4. tests/shared/data/transforms/test_pipeline.mojo
     - Line 25, 35: Add -> Self return types to __init__ methods

  5. tests/shared/data/transforms/test_augmentations.mojo
     - Line 19: Add Tensor to import statement

IMPLEMENTATION FILES (2 files to fix):
  1. shared/data/transforms.mojo
     - Line 400: Add -> Self return type to RandomCrop.__init__
     - Line 458: Fix self.padding.value()[] syntax
     - Line 523: Add ^ to ExTensor return (RandomRotation)
     - Line 621: Add -> Self return type to RandomRotation.__init__
     - Line 769, 806, 814: Add ^ to ExTensor returns (RandomErasing)

  2. shared/core/extensor.mojo
     - CHECK: Verify if Tensor is exported (for test import fix)

================================================================================
                        FIX EXECUTION PLAN
================================================================================

PHASE 1: Fix __init__ Return Types (30 minutes)
  Fixes:   17 errors
  Action:  Add -> Self return type to all __init__ methods
  Files:   5 test files + 2 implementation files
  Result:  More errors visible, but different ones

PHASE 2: Fix ExTensor Ownership (15 minutes)
  Fixes:   11 errors
  Action:  Add ^ to ExTensor return statements
  Files:   1 implementation file (transforms.mojo)
  Result:  Fewer compilation errors

PHASE 3: Fix Tensor Import (10 minutes)
  Fixes:   17 usage errors
  Action:  Add Tensor to import statement
  Files:   1 test file (test_augmentations.mojo)
  Result:  No compilation errors; tests should execute

PHASE 4: Fix Optional Syntax (5 minutes)
  Fixes:   1 error
  Action:  Remove [] subscript from value() call
  Files:   1 implementation file (transforms.mojo)
  Result:  RandomCrop syntax corrected

PHASE 5: Add Trait Conformances (20 minutes)
  Fixes:   9 cascading errors
  Action:  Add @fieldwise_init + (Copyable, Movable) to test structs
  Files:   4 test files
  Result:  Proper Mojo v0.25.7+ compliance

TOTAL ESTIMATED TIME: 80 minutes

================================================================================
                       VERIFICATION PROCEDURE
================================================================================

After each phase:
  1. Run: pixi run mojo -I . tests/shared/data/run_all_tests.mojo
  2. Check for new/resolved errors
  3. Document findings

Success Indicators:
  ✓ Phase 1: No "__init__ method must return Self" errors
  ✓ Phase 2: No "ExTensor cannot be implicitly copied" errors
  ✓ Phase 3: No compilation errors; tests execute
  ✓ Phase 4: No "Int is not subscriptable" errors
  ✓ Phase 5: All 43 tests listed in output (some may fail at runtime)

Final Success:
  - Compilation: PASS (no errors)
  - Test Output: Shows all 43 tests
  - Pattern: "Total Tests: 43, Passed: X, Failed: Y"

================================================================================
                          MOJO v0.25.7+ CONTEXT
================================================================================

Current Mojo Version: v0.25.7+

Key Breaking Changes Affecting This Codebase:
  1. __init__ methods require explicit -> Self return type
  2. inout parameter keyword → mut (partially)
  3. @value decorator → @fieldwise_init + trait conformance
  4. Value ownership strictly enforced (requires ^ for transfers)
  5. Non-copyable types cannot be implicitly copied/moved

Documentation:
  - Mojo Manual: https://docs.modular.com/mojo/manual/types
  - Ownership Guide: https://docs.modular.com/mojo/manual/values/ownership
  - Traits: https://docs.modular.com/mojo/manual/traits

================================================================================
                        DETAILED ANALYSIS FILES
================================================================================

This analysis includes three detailed reference documents:

1. DATA_TEST_FAILURE_ANALYSIS.md (Comprehensive)
   - Complete error listing with line numbers
   - Root cause analysis for each error type
   - Code examples and fixes
   - Mojo version context

2. FIX_GUIDE.md (Implementation Guide)
   - Step-by-step fix instructions
   - Before/after code examples
   - Syntax reference for Mojo v0.25.7+
   - Verification checklist

3. TEST_FAILURE_SUMMARY.txt (Visual Overview)
   - Error distribution charts
   - Quick reference tables
   - File location map

4. ANALYSIS_SUMMARY.txt (This File)
   - High-level overview
   - Priority ordering
   - Execution timeline

================================================================================
                          NEXT STEPS
================================================================================

IMMEDIATE (Next 30 minutes):
  1. Review this analysis with team
  2. Assign person to implement fixes
  3. Create GitHub issue for tracking

SHORT TERM (Next 80 minutes):
  1. Execute Phase 1-5 fixes in order
  2. Test after each phase
  3. Document any deviations or new issues

MEDIUM TERM (After fixes):
  1. Run full test suite with mojo test runner
  2. Add to CI/CD pipeline
  3. Document test coverage
  4. Create issue for any runtime test failures

================================================================================
                       RISK ASSESSMENT
================================================================================

RISK LEVEL: LOW

Justification:
  - All errors are syntax/type system issues
  - No logic changes required
  - Fixes follow established Mojo v0.25.7+ patterns
  - Changes are low-complexity pattern replacements
  - No circular dependencies or cascading logic issues
  - Fixes are testable at each phase

Potential Issues:
  - Tensor vs ExTensor distinction unclear (check extensor.mojo)
  - May find additional errors after Phase 3 compilation
  - Test failures at runtime (after compilation succeeds)

Mitigation:
  - Test after each phase
  - Document any unexpected issues
  - Have Mojo language expert available for review

================================================================================
                        CONCLUSION
================================================================================

All 39 compilation errors stem from Mojo v0.25.7+ syntax changes and can be
systematically fixed through 5 phased improvements.

The errors are fixable, low-risk, and well-understood. Estimated total effort
is 80 minutes across 5 phases, with validation possible after each phase.

After fixes, 43 data tests can execute (some may have runtime failures that
will require separate test implementation/debugging).

================================================================================
