╔══════════════════════════════════════════════════════════════════════════════╗
║                    DATA TEST SUITE FAILURE ANALYSIS                          ║
║                         Run Date: 2024-11-23                                 ║
╚══════════════════════════════════════════════════════════════════════════════╝

COMPILATION STATUS
──────────────────────────────────────────────────────────────────────────────
✗ FAILED - All tests blocked at compilation stage
  Command: pixi run mojo -I . tests/shared/data/run_all_tests.mojo
  Tests Would Execute: 43 test functions
  Actual Tests Run: 0

ERROR SUMMARY
──────────────────────────────────────────────────────────────────────────────

Total Errors:        39
Compilation Errors:  39 (100%)
Runtime Errors:      0
Test Failures:       0 (blocked at compilation)

ERROR BREAKDOWN BY CATEGORY
──────────────────────────────────────────────────────────────────────────────

1. __init__ Return Type Missing              17 errors (44%)
   ├─ test_base_dataset.mojo:25              1 error
   ├─ test_tensor_dataset.mojo:32            1 error
   ├─ test_base_loader.mojo:20               1 error
   ├─ test_pipeline.mojo:25,35               2 errors
   ├─ transforms.mojo:621,400                2 errors
   └─ Other implementation files             10+ errors
   
   ISSUE: fn __init__(mut self, ...) missing -> Self return type
   SEVERITY: CRITICAL - Blocks all tests

2. ExTensor Ownership Violations            11 errors (28%)
   ├─ transforms.mojo:523                   1 error
   ├─ transforms.mojo:769                   1 error
   ├─ transforms.mojo:806                   1 error
   ├─ transforms.mojo:814                   1 error
   └─ Cascading issues                      7 errors
   
   ISSUE: Returning ExTensor without ^ ownership transfer
   SEVERITY: CRITICAL - Breaks all transform tests

3. Missing Tensor Import                    1 error (2%)
   └─ test_augmentations.mojo:37 (x17)
   
   ISSUE: Tensor type used but not imported
   SEVERITY: CRITICAL - Breaks augmentation tests

4. Invalid Optional Syntax                  1 error (2%)
   └─ transforms.mojo:458
   
   ISSUE: Incorrect self.padding.value()[] syntax
   SEVERITY: HIGH - Breaks RandomCrop transform

5. Trait Conformance Missing                9 errors (23%)
   ├─ Test struct definitions
   └─ Loop/assignment implicit copies
   
   ISSUE: Structs missing (Copyable, Movable) traits
   SEVERITY: MEDIUM - Indirect cascading effects

ERROR LOCATION MAP
──────────────────────────────────────────────────────────────────────────────

Test Modules:
  ✓ test_base_dataset.mojo        1 error    __init__ syntax
  ✓ test_tensor_dataset.mojo      1 error    __init__ syntax
  ✓ test_base_loader.mojo         1 error    __init__ syntax
  ✓ test_pipeline.mojo            2 errors   __init__ syntax
  ✓ test_augmentations.mojo      17 errors   Tensor import
  ✓ Sampler tests                 0 errors   (would pass)

Implementation Modules:
  ✓ transforms.mojo              15 errors   __init__, ownership, syntax
  ✓ Other modules                 2 errors   Cascading ownership issues

MOST COMMON ERROR PATTERNS
──────────────────────────────────────────────────────────────────────────────

#1 (17 instances - 44%)
   Error: __init__ method must return Self type with 'out' argument
   Pattern: fn __init__(mut self, ...) [missing -> Self]
   Fix: Add -> Self return type and use return Self(...)

#2 (11 instances - 28%)
   Error: value of type 'ExTensor' cannot be implicitly copied
   Pattern: return data [missing ^]
   Fix: return data^ (add ^ for ownership transfer)

#3 (17 instances - 20%)
   Error: use of unknown declaration 'Tensor'
   Pattern: var x = Tensor(...) [missing import]
   Fix: Import Tensor or replace with ExTensor

FIX PRIORITY & EFFORT
──────────────────────────────────────────────────────────────────────────────

Priority 1: Fix __init__ return types          30 min  → Unblocks all tests
Priority 2: Fix ExTensor ownership              15 min  → Enables transforms
Priority 3: Fix Tensor import                   10 min  → Enables augmentations
Priority 4: Fix Optional syntax                  5 min  → Minor syntax fix
Priority 5: Add trait conformances             20 min  → Proper type safety

TOTAL ESTIMATED EFFORT: 80 minutes

RECOMMENDED TESTING SEQUENCE
──────────────────────────────────────────────────────────────────────────────

1. Apply Fix Priority 1 → Run compilation check
2. Apply Fix Priority 2 → Run compilation check
3. Apply Fix Priority 3 → Run full test suite
4. Apply Fix Priority 4 → Run RandomCrop tests
5. Apply Fix Priority 5 → Run full validation

MOJO VERSION CONTEXT
──────────────────────────────────────────────────────────────────────────────
Current: Mojo v0.25.7+
Breaking Changes Affecting This Codebase:
  • __init__ methods require explicit -> Self return
  • inout keyword deprecated → use mut
  • @value decorator → @fieldwise_init + traits
  • Value ownership strictly enforced (^ syntax)
  • Non-copyable types require explicit transfers

DETAILED ANALYSIS
──────────────────────────────────────────────────────────────────────────────
See: DATA_TEST_FAILURE_ANALYSIS.md (comprehensive report with code examples)

KEY FILES REQUIRING FIXES
──────────────────────────────────────────────────────────────────────────────
1. /home/mvillmow/ml-odyssey/tests/shared/data/datasets/test_base_dataset.mojo
2. /home/mvillmow/ml-odyssey/tests/shared/data/datasets/test_tensor_dataset.mojo
3. /home/mvillmow/ml-odyssey/tests/shared/data/loaders/test_base_loader.mojo
4. /home/mvillmow/ml-odyssey/tests/shared/data/transforms/test_pipeline.mojo
5. /home/mvillmow/ml-odyssey/tests/shared/data/transforms/test_augmentations.mojo
6. /home/mvillmow/ml-odyssey/shared/data/transforms.mojo

